<?xml version="1.0" encoding="UTF-8"?>
<!-- Generated by org.testng.reporters.JUnitReportReporter -->
<testsuite hostname="DESKTOP-2DH32IK" name="com.reportsExample.qs.SearchChiffonDresses" tests="1" failures="0" timestamp="26 Aug 2020 22:31:10 GMT" time="1.520" errors="0">
  <testcase name="search_ChiffonDresses" time="1.520" classname="com.reportsExample.qs.SearchChiffonDresses"/>
</testsuite> <!-- com.reportsExample.qs.SearchChiffonDresses -->
