<?xml version="1.0" encoding="UTF-8"?>
<!-- Generated by org.testng.reporters.JUnitReportReporter -->
<testsuite hostname="DESKTOP-2DH32IK" name="com.reportsExample.qs.SearchBlouses" tests="1" failures="0" timestamp="26 Aug 2020 22:31:10 GMT" time="2.057" errors="0">
  <testcase name="search_Blouses" time="2.057" classname="com.reportsExample.qs.SearchBlouses"/>
</testsuite> <!-- com.reportsExample.qs.SearchBlouses -->
