<?xml version="1.0" encoding="UTF-8"?>
<!-- Generated by org.testng.reporters.JUnitReportReporter -->
<testsuite hostname="DESKTOP-2DH32IK" name="com.qualitystream.testng.TestNGDataProviderExample" tests="2" failures="0" timestamp="26 Aug 2020 03:17:54 GMT" time="10.711" errors="0">
  <testcase name="login" time="4.808" classname="com.qualitystream.testng.TestNGDataProviderExample"/>
  <testcase name="login" time="5.903" classname="com.qualitystream.testng.TestNGDataProviderExample"/>
</testsuite> <!-- com.qualitystream.testng.TestNGDataProviderExample -->
