<?xml version="1.0" encoding="UTF-8"?>
<!-- Generated by org.testng.reporters.JUnitReportReporter -->
<testsuite hostname="DESKTOP-2DH32IK" name="com.qualitystream.testng.TestNGExample" tests="1" failures="0" timestamp="26 Aug 2020 03:18:32 GMT" time="1.589" errors="0">
  <testcase name="search_Blouses" time="1.589" classname="com.qualitystream.testng.TestNGExample"/>
</testsuite> <!-- com.qualitystream.testng.TestNGExample -->
