<?xml version="1.0" encoding="UTF-8"?>
<!-- Generated by org.testng.reporters.JUnitReportReporter -->
<testsuite hostname="DESKTOP-2DH32IK" name="com.reportsExample.qs.SearchSummerDresses" tests="1" failures="0" timestamp="26 Aug 2020 22:31:10 GMT" time="2.044" errors="0">
  <testcase name="search_SummerDresses" time="2.044" classname="com.reportsExample.qs.SearchSummerDresses"/>
</testsuite> <!-- com.reportsExample.qs.SearchSummerDresses -->
