<?xml version="1.0" encoding="UTF-8"?>
<!-- Generated by org.testng.reporters.JUnitReportReporter -->
<testsuite hostname="DESKTOP-2DH32IK" name="com.qualitystream.testng.CrossBrowsertesting" tests="1" failures="0" timestamp="28 Aug 2020 03:32:32 GMT" time="2.381" errors="0">
  <testcase name="googleSearch" time="2.381" classname="com.qualitystream.testng.CrossBrowsertesting"/>
</testsuite> <!-- com.qualitystream.testng.CrossBrowsertesting -->
