<?xml version="1.0" encoding="UTF-8"?>
<!-- Generated by org.testng.reporters.JUnitReportReporter -->
<testsuite hostname="DESKTOP-2DH32IK" name="quality.stream.co.examples.CheckDownloadedFile" tests="1" failures="0" timestamp="26 Aug 2020 21:55:59 GMT" time="0.490" errors="0">
  <testcase name="checkDownloadedFile" time="0.490" classname="quality.stream.co.examples.CheckDownloadedFile"/>
</testsuite> <!-- quality.stream.co.examples.CheckDownloadedFile -->
