<?xml version="1.0" encoding="UTF-8"?>
<!-- Generated by org.testng.reporters.JUnitReportReporter -->
<testsuite hostname="DESKTOP-2DH32IK" name="quality.stream.co.examples.Download_File" tests="1" failures="0" timestamp="26 Aug 2020 22:25:06 GMT" time="3.950" errors="0">
  <testcase name="downloadFile" time="3.950" classname="quality.stream.co.examples.Download_File"/>
</testsuite> <!-- quality.stream.co.examples.Download_File -->
